
════════════════════════════════════════════════════════════
[2026-04-14T04:42:18.938Z] 脚本启动
[04:42:18] 模式: 仅解析
[04:42:18] 请求间隔: 2s | 最大重试: 3 | 节点切换上限: 10
[04:42:19] 📝 日志已保存: scripts/numbeo-audit/run.log
[04:42:19] 脚本结束

════════════════════════════════════════════════════════════
[2026-04-14T04:43:19.293Z] 脚本启动
[04:43:19] 模式: 完整采集
[04:43:19] 请求间隔: 2s | 最大重试: 3 | 节点切换上限: 10
[04:43:19] 🔀 节点池初始化: 112 个节点, 7 个地区 (加拿大, 台湾, 德国, 新加坡, 日本, 美国, 香港)
[04:43:19]    当前节点: 台湾 A06
[04:43:32] WARN   ⚠ 节点 德国 A06 不通，标记跳过
[04:43:43] WARN   ⚠ 节点 新加坡 A06 不通，标记跳过
[04:43:48]   🔀 节点切换成功: 日本 A06 → 出口 IP: 104.251.229.181
[04:43:48] WARN   ⚠ HTTP 429 → 已切换节点: 日本 A06 (IP: 104.251.229.181, 第1次) → 立即重试
[04:47:48] WARN   ⚠ 节点 美国 A06 不通，标记跳过
[04:47:54]   🔀 节点切换成功: 香港 A06 → 出口 IP: 103.167.134.47
[04:47:54] WARN   ⚠ HTTP 429 → 已切换节点: 香港 A06 (IP: 103.167.134.47, 第1次) → 立即重试
[04:50:09] WARN   ⚠ 节点 台湾 A07 不通，标记跳过
[04:50:19] WARN   ⚠ 节点 新加坡 A07 不通，标记跳过
[04:50:25]   🔀 节点切换成功: 日本 A07 → 出口 IP: 104.251.229.179
[04:50:25] WARN   ⚠ HTTP 429 → 已切换节点: 日本 A07 (IP: 104.251.229.179, 第1次) → 立即重试
[05:00:07] 🔀 本次运行共切换节点 3 次 (5 个不可用节点被跳过)
[05:00:07] 📝 日志已保存: scripts/numbeo-audit/run.log
[05:00:07] 🔙 已恢复初始节点: 台湾 A06
[05:00:07] 脚本结束

════════════════════════════════════════════════════════════
[2026-04-14T05:11:48.496Z] 脚本启动
[05:11:48] 模式: 仅解析
[05:11:48] 请求间隔: 2s | 最大重试: 3 | 节点切换上限: 10
[05:11:48] 📝 日志已保存: scripts/numbeo-audit/run.log
[05:11:48] 脚本结束

════════════════════════════════════════════════════════════
[2026-04-14T05:16:45.604Z] 脚本启动
[05:16:45] 模式: 仅解析
[05:16:45] 请求间隔: 2s | 最大重试: 3 | 节点切换上限: 10
[05:16:45] 📝 日志已保存: scripts/numbeo-audit/run.log
[05:16:45] 脚本结束
